{"E:\\Hapi\\dist\\example.js": {"path":"E:\\Hapi\\dist\\example.js","statementMap":{"0":{"start":{"line":3,"column":13},"end":{"line":7,"column":1}},"1":{"start":{"line":4,"column":2},"end":{"line":4,"column":40}},"2":{"start":{"line":9,"column":0},"end":{"line":9,"column":31}},"3":{"start":{"line":11,"column":0},"end":{"line":16,"column":2}},"4":{"start":{"line":12,"column":2},"end":{"line":15,"column":4}}},"fnMap":{"0":{"name":"contoh","decl":{"start":{"line":3,"column":22},"end":{"line":3,"column":28}},"loc":{"start":{"line":3,"column":37},"end":{"line":7,"column":1}},"line":3},"1":{"name":"(anonymous_1)","decl":{"start":{"line":11,"column":29},"end":{"line":11,"column":30}},"loc":{"start":{"line":11,"column":41},"end":{"line":16,"column":1}},"line":11}},"branchMap":{"0":{"loc":{"start":{"line":4,"column":9},"end":{"line":4,"column":39}},"type":"cond-expr","locations":[{"start":{"line":4,"column":23},"end":{"line":4,"column":29}},{"start":{"line":4,"column":32},"end":{"line":4,"column":39}}],"line":4}},"s":{"0":1,"1":3,"2":1,"3":1,"4":2},"f":{"0":3,"1":2},"b":{"0":[2,1]},"_coverageSchema":"43e27e138ebf9cfc5966b082cf9a028302ed4184","hash":"a503c1d1e673aa01f07a3bb9be0f6a93f5647c81"}
,"E:\\Hapi\\src\\config.js": {"path":"E:\\Hapi\\src\\config.js","statementMap":{"0":{"start":{"line":5,"column":4},"end":{"line":11,"column":5}},"1":{"start":{"line":6,"column":8},"end":{"line":6,"column":31}},"2":{"start":{"line":7,"column":8},"end":{"line":7,"column":50}},"3":{"start":{"line":9,"column":8},"end":{"line":9,"column":29}},"4":{"start":{"line":10,"column":8},"end":{"line":10,"column":24}},"5":{"start":{"line":13,"column":4},"end":{"line":16,"column":5}},"6":{"start":{"line":14,"column":8},"end":{"line":14,"column":69}},"7":{"start":{"line":15,"column":8},"end":{"line":15,"column":24}},"8":{"start":{"line":17,"column":4},"end":{"line":17,"column":57}}},"fnMap":{"0":{"name":"configure","decl":{"start":{"line":4,"column":24},"end":{"line":4,"column":33}},"loc":{"start":{"line":4,"column":35},"end":{"line":18,"column":1}},"line":4}},"branchMap":{"0":{"loc":{"start":{"line":5,"column":4},"end":{"line":11,"column":5}},"type":"if","locations":[{"start":{"line":5,"column":4},"end":{"line":11,"column":5}},{"start":{"line":5,"column":4},"end":{"line":11,"column":5}}],"line":5},"1":{"loc":{"start":{"line":13,"column":4},"end":{"line":16,"column":5}},"type":"if","locations":[{"start":{"line":13,"column":4},"end":{"line":16,"column":5}},{"start":{"line":13,"column":4},"end":{"line":16,"column":5}}],"line":13}},"s":{"0":3,"1":3,"2":3,"3":0,"4":0,"5":3,"6":0,"7":0,"8":3},"f":{"0":3},"b":{"0":[3,0],"1":[0,3]},"_coverageSchema":"43e27e138ebf9cfc5966b082cf9a028302ed4184","hash":"3f6401c375304e6f745b4bb98101340c6e8c0441"}
,"E:\\Hapi\\src\\example.js": {"path":"E:\\Hapi\\src\\example.js","statementMap":{"0":{"start":{"line":1,"column":14},"end":{"line":6,"column":1}},"1":{"start":{"line":2,"column":4},"end":{"line":2,"column":40}},"2":{"start":{"line":8,"column":0},"end":{"line":8,"column":31}},"3":{"start":{"line":11,"column":0},"end":{"line":18,"column":1}},"4":{"start":{"line":13,"column":4},"end":{"line":16,"column":6}}},"fnMap":{"0":{"name":"(anonymous_0)","decl":{"start":{"line":1,"column":14},"end":{"line":1,"column":15}},"loc":{"start":{"line":1,"column":24},"end":{"line":6,"column":1}},"line":1},"1":{"name":"(anonymous_1)","decl":{"start":{"line":11,"column":28},"end":{"line":11,"column":29}},"loc":{"start":{"line":11,"column":32},"end":{"line":18,"column":1}},"line":11}},"branchMap":{"0":{"loc":{"start":{"line":2,"column":11},"end":{"line":2,"column":39}},"type":"cond-expr","locations":[{"start":{"line":2,"column":25},"end":{"line":2,"column":31}},{"start":{"line":2,"column":32},"end":{"line":2,"column":39}}],"line":2}},"s":{"0":1,"1":3,"2":1,"3":1,"4":2},"f":{"0":3,"1":2},"b":{"0":[2,1]},"_coverageSchema":"43e27e138ebf9cfc5966b082cf9a028302ed4184","hash":"d26604423bdbc3641deeeef9162923a6a3d46857"}
,"E:\\Hapi\\src\\index.js": {"path":"E:\\Hapi\\src\\index.js","statementMap":{"0":{"start":{"line":7,"column":0},"end":{"line":10,"column":3}},"1":{"start":{"line":8,"column":4},"end":{"line":8,"column":21}},"2":{"start":{"line":9,"column":4},"end":{"line":9,"column":20}},"3":{"start":{"line":13,"column":4},"end":{"line":13,"column":16}},"4":{"start":{"line":14,"column":23},"end":{"line":14,"column":47}},"5":{"start":{"line":15,"column":19},"end":{"line":18,"column":6}},"6":{"start":{"line":20,"column":4},"end":{"line":20,"column":50}},"7":{"start":{"line":21,"column":4},"end":{"line":21,"column":60}},"8":{"start":{"line":23,"column":3},"end":{"line":23,"column":24}},"9":{"start":{"line":25,"column":4},"end":{"line":31,"column":5}},"10":{"start":{"line":27,"column":8},"end":{"line":27,"column":42}},"11":{"start":{"line":28,"column":8},"end":{"line":28,"column":29}},"12":{"start":{"line":29,"column":8},"end":{"line":29,"column":61}},"13":{"start":{"line":30,"column":8},"end":{"line":30,"column":85}},"14":{"start":{"line":33,"column":4},"end":{"line":33,"column":27}}},"fnMap":{"0":{"name":"(anonymous_0)","decl":{"start":{"line":7,"column":33},"end":{"line":7,"column":34}},"loc":{"start":{"line":7,"column":42},"end":{"line":10,"column":1}},"line":7},"1":{"name":"(anonymous_1)","decl":{"start":{"line":12,"column":15},"end":{"line":12,"column":16}},"loc":{"start":{"line":12,"column":27},"end":{"line":34,"column":1}},"line":12}},"branchMap":{"0":{"loc":{"start":{"line":25,"column":4},"end":{"line":31,"column":5}},"type":"if","locations":[{"start":{"line":25,"column":4},"end":{"line":31,"column":5}},{"start":{"line":25,"column":4},"end":{"line":31,"column":5}}],"line":25}},"s":{"0":2,"1":0,"2":0,"3":3,"4":3,"5":2,"6":2,"7":2,"8":2,"9":2,"10":2,"11":2,"12":1,"13":1,"14":1},"f":{"0":0,"1":3},"b":{"0":[2,0]},"_coverageSchema":"43e27e138ebf9cfc5966b082cf9a028302ed4184","hash":"57e895ebf730bc57fec7817d2acadd5a6b4a00a4"}
,"E:\\Hapi\\src\\config\\auth.validate.js": {"path":"E:\\Hapi\\src\\config\\auth.validate.js","statementMap":{"0":{"start":{"line":3,"column":16},"end":{"line":13,"column":1}},"1":{"start":{"line":4,"column":17},"end":{"line":4,"column":66}},"2":{"start":{"line":6,"column":4},"end":{"line":8,"column":5}},"3":{"start":{"line":7,"column":8},"end":{"line":7,"column":47}},"4":{"start":{"line":10,"column":19},"end":{"line":10,"column":81}},"5":{"start":{"line":11,"column":24},"end":{"line":11,"column":59}},"6":{"start":{"line":12,"column":0},"end":{"line":12,"column":28}}},"fnMap":{"0":{"name":"(anonymous_0)","decl":{"start":{"line":3,"column":16},"end":{"line":3,"column":17}},"loc":{"start":{"line":3,"column":51},"end":{"line":13,"column":1}},"line":3}},"branchMap":{"0":{"loc":{"start":{"line":6,"column":4},"end":{"line":8,"column":5}},"type":"if","locations":[{"start":{"line":6,"column":4},"end":{"line":8,"column":5}},{"start":{"line":6,"column":4},"end":{"line":8,"column":5}}],"line":6}},"s":{"0":2,"1":0,"2":0,"3":0,"4":0,"5":0,"6":0},"f":{"0":0},"b":{"0":[0,0]},"_coverageSchema":"43e27e138ebf9cfc5966b082cf9a028302ed4184","hash":"6f80679b70e18a62b046d0b3aa2372b53829adb2"}
,"E:\\Hapi\\src\\db\\connection.js": {"path":"E:\\Hapi\\src\\db\\connection.js","statementMap":{"0":{"start":{"line":4,"column":25},"end":{"line":17,"column":1}},"1":{"start":{"line":5,"column":23},"end":{"line":15,"column":6}},"2":{"start":{"line":16,"column":4},"end":{"line":16,"column":22}}},"fnMap":{"0":{"name":"(anonymous_0)","decl":{"start":{"line":4,"column":25},"end":{"line":4,"column":26}},"loc":{"start":{"line":4,"column":37},"end":{"line":17,"column":1}},"line":4}},"branchMap":{"0":{"loc":{"start":{"line":6,"column":14},"end":{"line":6,"column":46}},"type":"binary-expr","locations":[{"start":{"line":6,"column":14},"end":{"line":6,"column":35}},{"start":{"line":6,"column":39},"end":{"line":6,"column":46}}],"line":6},"1":{"loc":{"start":{"line":7,"column":14},"end":{"line":7,"column":48}},"type":"binary-expr","locations":[{"start":{"line":7,"column":14},"end":{"line":7,"column":33}},{"start":{"line":7,"column":37},"end":{"line":7,"column":48}}],"line":7},"2":{"loc":{"start":{"line":8,"column":14},"end":{"line":8,"column":41}},"type":"binary-expr","locations":[{"start":{"line":8,"column":14},"end":{"line":8,"column":33}},{"start":{"line":8,"column":37},"end":{"line":8,"column":41}}],"line":8},"3":{"loc":{"start":{"line":9,"column":18},"end":{"line":9,"column":51}},"type":"binary-expr","locations":[{"start":{"line":9,"column":18},"end":{"line":9,"column":41}},{"start":{"line":9,"column":45},"end":{"line":9,"column":51}}],"line":9},"4":{"loc":{"start":{"line":10,"column":18},"end":{"line":10,"column":47}},"type":"binary-expr","locations":[{"start":{"line":10,"column":18},"end":{"line":10,"column":41}},{"start":{"line":10,"column":45},"end":{"line":10,"column":47}}],"line":10},"5":{"loc":{"start":{"line":11,"column":18},"end":{"line":11,"column":50}},"type":"binary-expr","locations":[{"start":{"line":11,"column":18},"end":{"line":11,"column":37}},{"start":{"line":11,"column":41},"end":{"line":11,"column":50}}],"line":11},"6":{"loc":{"start":{"line":12,"column":21},"end":{"line":12,"column":59}},"type":"binary-expr","locations":[{"start":{"line":12,"column":21},"end":{"line":12,"column":51}},{"start":{"line":12,"column":55},"end":{"line":12,"column":59}}],"line":12},"7":{"loc":{"start":{"line":13,"column":17},"end":{"line":13,"column":58}},"type":"binary-expr","locations":[{"start":{"line":13,"column":17},"end":{"line":13,"column":50}},{"start":{"line":13,"column":54},"end":{"line":13,"column":58}}],"line":13}},"s":{"0":2,"1":3,"2":2},"f":{"0":3},"b":{"0":[3,0],"1":[3,0],"2":[3,3],"3":[3,3],"4":[3,3],"5":[3,0],"6":[3,0],"7":[3,0]},"_coverageSchema":"43e27e138ebf9cfc5966b082cf9a028302ed4184","hash":"a76100b73bdbf6acad58422dffc05fde800f64c1"}
,"E:\\Hapi\\src\\db\\entities.js": {"path":"E:\\Hapi\\src\\db\\entities.js","statementMap":{},"fnMap":{},"branchMap":{},"s":{},"f":{},"b":{},"_coverageSchema":"43e27e138ebf9cfc5966b082cf9a028302ed4184","hash":"185a77413969c16f9653c9c4b561b0d9274ea725"}
,"E:\\Hapi\\src\\models\\location.model.js": {"path":"E:\\Hapi\\src\\models\\location.model.js","statementMap":{"0":{"start":{"line":3,"column":8},"end":{"line":3,"column":21}},"1":{"start":{"line":4,"column":8},"end":{"line":4,"column":25}},"2":{"start":{"line":5,"column":8},"end":{"line":5,"column":31}}},"fnMap":{"0":{"name":"(anonymous_0)","decl":{"start":{"line":2,"column":4},"end":{"line":2,"column":5}},"loc":{"start":{"line":2,"column":33},"end":{"line":6,"column":5}},"line":2}},"branchMap":{},"s":{"0":5,"1":5,"2":5},"f":{"0":5},"b":{},"_coverageSchema":"43e27e138ebf9cfc5966b082cf9a028302ed4184","hash":"1f3dc27e0e405b631886a45c53f5ee64ec2627c8"}
,"E:\\Hapi\\src\\models\\login.model.js": {"path":"E:\\Hapi\\src\\models\\login.model.js","statementMap":{"0":{"start":{"line":4,"column":4},"end":{"line":4,"column":29}},"1":{"start":{"line":5,"column":4},"end":{"line":5,"column":29}}},"fnMap":{"0":{"name":"(anonymous_0)","decl":{"start":{"line":3,"column":4},"end":{"line":3,"column":5}},"loc":{"start":{"line":3,"column":35},"end":{"line":6,"column":5}},"line":3}},"branchMap":{},"s":{"0":2,"1":2},"f":{"0":2},"b":{},"_coverageSchema":"43e27e138ebf9cfc5966b082cf9a028302ed4184","hash":"2b8ef327c278bfd9b79a3a11dcdcb887fbe3f080"}
,"E:\\Hapi\\src\\models\\package.model.js": {"path":"E:\\Hapi\\src\\models\\package.model.js","statementMap":{"0":{"start":{"line":4,"column":8},"end":{"line":4,"column":21}},"1":{"start":{"line":5,"column":8},"end":{"line":5,"column":35}},"2":{"start":{"line":6,"column":8},"end":{"line":6,"column":45}},"3":{"start":{"line":7,"column":8},"end":{"line":7,"column":55}},"4":{"start":{"line":8,"column":8},"end":{"line":8,"column":29}},"5":{"start":{"line":9,"column":8},"end":{"line":9,"column":25}}},"fnMap":{"0":{"name":"(anonymous_0)","decl":{"start":{"line":2,"column":4},"end":{"line":2,"column":5}},"loc":{"start":{"line":3,"column":4},"end":{"line":10,"column":5}},"line":3}},"branchMap":{},"s":{"0":2,"1":2,"2":2,"3":2,"4":2,"5":2},"f":{"0":2},"b":{},"_coverageSchema":"43e27e138ebf9cfc5966b082cf9a028302ed4184","hash":"6048fe22658ba3db87838f51c5c419be28423049"}
,"E:\\Hapi\\src\\models\\transition.model.js": {"path":"E:\\Hapi\\src\\models\\transition.model.js","statementMap":{"0":{"start":{"line":3,"column":8},"end":{"line":3,"column":21}},"1":{"start":{"line":4,"column":8},"end":{"line":4,"column":39}},"2":{"start":{"line":5,"column":8},"end":{"line":5,"column":33}},"3":{"start":{"line":6,"column":8},"end":{"line":6,"column":25}}},"fnMap":{"0":{"name":"(anonymous_0)","decl":{"start":{"line":2,"column":4},"end":{"line":2,"column":5}},"loc":{"start":{"line":2,"column":46},"end":{"line":7,"column":5}},"line":2}},"branchMap":{},"s":{"0":2,"1":2,"2":2,"3":2},"f":{"0":2},"b":{},"_coverageSchema":"43e27e138ebf9cfc5966b082cf9a028302ed4184","hash":"1ee94bebf14651da7f63aeb6b70a73836c4e294a"}
,"E:\\Hapi\\src\\routes\\index.js": {"path":"E:\\Hapi\\src\\routes\\index.js","statementMap":{},"fnMap":{},"branchMap":{},"s":{},"f":{},"b":{},"_coverageSchema":"43e27e138ebf9cfc5966b082cf9a028302ed4184","hash":"ef0888b616b950c6b40d3a4e41b9b6f9c2b13587"}
,"E:\\Hapi\\src\\routes\\location.route.js": {"path":"E:\\Hapi\\src\\routes\\location.route.js","statementMap":{"0":{"start":{"line":5,"column":24},"end":{"line":5,"column":45}},"1":{"start":{"line":6,"column":23},"end":{"line":78,"column":1}},"2":{"start":{"line":12,"column":31},"end":{"line":12,"column":42}},"3":{"start":{"line":13,"column":16},"end":{"line":13,"column":73}},"4":{"start":{"line":14,"column":16},"end":{"line":18,"column":17}},"5":{"start":{"line":15,"column":20},"end":{"line":15,"column":63}},"6":{"start":{"line":17,"column":20},"end":{"line":17,"column":36}},"7":{"start":{"line":39,"column":33},"end":{"line":39,"column":72}},"8":{"start":{"line":40,"column":16},"end":{"line":44,"column":17}},"9":{"start":{"line":41,"column":20},"end":{"line":41,"column":63}},"10":{"start":{"line":43,"column":20},"end":{"line":43,"column":36}},"11":{"start":{"line":55,"column":31},"end":{"line":55,"column":42}},"12":{"start":{"line":57,"column":16},"end":{"line":57,"column":74}},"13":{"start":{"line":58,"column":16},"end":{"line":58,"column":32}},"14":{"start":{"line":68,"column":33},"end":{"line":68,"column":36}},"15":{"start":{"line":69,"column":37},"end":{"line":69,"column":86}},"16":{"start":{"line":73,"column":20},"end":{"line":73,"column":40}}},"fnMap":{"0":{"name":"(anonymous_0)","decl":{"start":{"line":11,"column":21},"end":{"line":11,"column":22}},"loc":{"start":{"line":11,"column":39},"end":{"line":20,"column":13}},"line":11},"1":{"name":"(anonymous_1)","decl":{"start":{"line":38,"column":21},"end":{"line":38,"column":22}},"loc":{"start":{"line":38,"column":39},"end":{"line":46,"column":13}},"line":38},"2":{"name":"(anonymous_2)","decl":{"start":{"line":54,"column":21},"end":{"line":54,"column":22}},"loc":{"start":{"line":54,"column":39},"end":{"line":59,"column":13}},"line":54},"3":{"name":"(anonymous_3)","decl":{"start":{"line":67,"column":21},"end":{"line":67,"column":22}},"loc":{"start":{"line":67,"column":39},"end":{"line":75,"column":13}},"line":67}},"branchMap":{"0":{"loc":{"start":{"line":14,"column":16},"end":{"line":18,"column":17}},"type":"if","locations":[{"start":{"line":14,"column":16},"end":{"line":18,"column":17}},{"start":{"line":14,"column":16},"end":{"line":18,"column":17}}],"line":14},"1":{"loc":{"start":{"line":40,"column":16},"end":{"line":44,"column":17}},"type":"if","locations":[{"start":{"line":40,"column":16},"end":{"line":44,"column":17}},{"start":{"line":40,"column":16},"end":{"line":44,"column":17}}],"line":40}},"s":{"0":2,"1":2,"2":0,"3":0,"4":0,"5":0,"6":0,"7":0,"8":0,"9":0,"10":0,"11":0,"12":0,"13":0,"14":0,"15":0,"16":0},"f":{"0":0,"1":0,"2":0,"3":0},"b":{"0":[0,0],"1":[0,0]},"_coverageSchema":"43e27e138ebf9cfc5966b082cf9a028302ed4184","hash":"d96b7a558aca79b94481eadce7dcde3b5ead6e23"}
,"E:\\Hapi\\src\\routes\\login.route.js": {"path":"E:\\Hapi\\src\\routes\\login.route.js","statementMap":{"0":{"start":{"line":3,"column":21},"end":{"line":3,"column":39}},"1":{"start":{"line":5,"column":18},"end":{"line":35,"column":1}},"2":{"start":{"line":9,"column":21},"end":{"line":9,"column":32}},"3":{"start":{"line":10,"column":8},"end":{"line":10,"column":47}},"4":{"start":{"line":11,"column":8},"end":{"line":11,"column":20}},"5":{"start":{"line":18,"column":12},"end":{"line":18,"column":51}},"6":{"start":{"line":27,"column":33},"end":{"line":27,"column":36}},"7":{"start":{"line":28,"column":30},"end":{"line":28,"column":74}},"8":{"start":{"line":29,"column":16},"end":{"line":29,"column":29}}},"fnMap":{"0":{"name":"(anonymous_0)","decl":{"start":{"line":8,"column":12},"end":{"line":8,"column":13}},"loc":{"start":{"line":8,"column":25},"end":{"line":12,"column":5}},"line":8},"1":{"name":"(anonymous_1)","decl":{"start":{"line":17,"column":16},"end":{"line":17,"column":17}},"loc":{"start":{"line":17,"column":24},"end":{"line":19,"column":9}},"line":17},"2":{"name":"(anonymous_2)","decl":{"start":{"line":26,"column":21},"end":{"line":26,"column":22}},"loc":{"start":{"line":26,"column":39},"end":{"line":31,"column":13}},"line":26}},"branchMap":{},"s":{"0":2,"1":2,"2":0,"3":0,"4":0,"5":0,"6":0,"7":0,"8":0},"f":{"0":0,"1":0,"2":0},"b":{},"_coverageSchema":"43e27e138ebf9cfc5966b082cf9a028302ed4184","hash":"610ac002a7e23fe3e1d7f758a84564641cf6f770"}
,"E:\\Hapi\\src\\routes\\package.route.js": {"path":"E:\\Hapi\\src\\routes\\package.route.js","statementMap":{"0":{"start":{"line":4,"column":23},"end":{"line":4,"column":43}},"1":{"start":{"line":5,"column":22},"end":{"line":17,"column":1}},"2":{"start":{"line":10,"column":12},"end":{"line":13,"column":25}}},"fnMap":{"0":{"name":"(anonymous_0)","decl":{"start":{"line":9,"column":17},"end":{"line":9,"column":18}},"loc":{"start":{"line":9,"column":29},"end":{"line":14,"column":9}},"line":9}},"branchMap":{},"s":{"0":2,"1":2,"2":1},"f":{"0":1},"b":{},"_coverageSchema":"43e27e138ebf9cfc5966b082cf9a028302ed4184","hash":"b75a69b8fb8e684dc7bd9a21b5ec1aff1bcd21ef"}
,"E:\\Hapi\\src\\routes\\transition.route.js": {"path":"E:\\Hapi\\src\\routes\\transition.route.js","statementMap":{"0":{"start":{"line":2,"column":26},"end":{"line":2,"column":49}},"1":{"start":{"line":3,"column":25},"end":{"line":15,"column":1}},"2":{"start":{"line":8,"column":12},"end":{"line":11,"column":25}}},"fnMap":{"0":{"name":"(anonymous_0)","decl":{"start":{"line":7,"column":17},"end":{"line":7,"column":18}},"loc":{"start":{"line":7,"column":29},"end":{"line":12,"column":9}},"line":7}},"branchMap":{},"s":{"0":2,"1":2,"2":0},"f":{"0":0},"b":{},"_coverageSchema":"43e27e138ebf9cfc5966b082cf9a028302ed4184","hash":"c644933ad7ce337fc4d14c97275a467bb29af1ea"}
,"E:\\Hapi\\src\\schema\\location.schema.js": {"path":"E:\\Hapi\\src\\schema\\location.schema.js","statementMap":{"0":{"start":{"line":4,"column":23},"end":{"line":42,"column":2}}},"fnMap":{},"branchMap":{},"s":{"0":2},"f":{},"b":{},"_coverageSchema":"43e27e138ebf9cfc5966b082cf9a028302ed4184","hash":"c5e9014864113651e77b5c02d3ee8c4031db31aa"}
,"E:\\Hapi\\src\\schema\\login.schema.js": {"path":"E:\\Hapi\\src\\schema\\login.schema.js","statementMap":{"0":{"start":{"line":4,"column":20},"end":{"line":27,"column":2}}},"fnMap":{},"branchMap":{},"s":{"0":2},"f":{},"b":{},"_coverageSchema":"43e27e138ebf9cfc5966b082cf9a028302ed4184","hash":"1f3438bcaf1fc7be13eb77b64616e40f3aedd188"}
,"E:\\Hapi\\src\\schema\\package.schema.js": {"path":"E:\\Hapi\\src\\schema\\package.schema.js","statementMap":{"0":{"start":{"line":4,"column":22},"end":{"line":58,"column":2}}},"fnMap":{},"branchMap":{},"s":{"0":2},"f":{},"b":{},"_coverageSchema":"43e27e138ebf9cfc5966b082cf9a028302ed4184","hash":"7407eefa1f194e18b325418218ac9eb15bc9c94d"}
,"E:\\Hapi\\src\\schema\\transition.schema.js": {"path":"E:\\Hapi\\src\\schema\\transition.schema.js","statementMap":{"0":{"start":{"line":4,"column":25},"end":{"line":35,"column":2}},"1":{"start":{"line":17,"column":24},"end":{"line":17,"column":43}}},"fnMap":{"0":{"name":"(anonymous_0)","decl":{"start":{"line":17,"column":20},"end":{"line":17,"column":21}},"loc":{"start":{"line":17,"column":24},"end":{"line":17,"column":43}},"line":17}},"branchMap":{},"s":{"0":2,"1":2},"f":{"0":2},"b":{},"_coverageSchema":"43e27e138ebf9cfc5966b082cf9a028302ed4184","hash":"181ca85ba31657a122b476c0cea954fdbfb69e9c"}
,"E:\\Hapi\\src\\services\\index.js": {"path":"E:\\Hapi\\src\\services\\index.js","statementMap":{},"fnMap":{},"branchMap":{},"s":{},"f":{},"b":{},"_coverageSchema":"43e27e138ebf9cfc5966b082cf9a028302ed4184","hash":"cab8b1574aa5ca7ff31f9cc991748c0ed20a060a"}
,"E:\\Hapi\\src\\services\\location.service.js": {"path":"E:\\Hapi\\src\\services\\location.service.js","statementMap":{"0":{"start":{"line":5,"column":15},"end":{"line":5,"column":34}},"1":{"start":{"line":10,"column":8},"end":{"line":10,"column":39}},"2":{"start":{"line":13,"column":8},"end":{"line":13,"column":61}},"3":{"start":{"line":17,"column":8},"end":{"line":17,"column":30}},"4":{"start":{"line":18,"column":30},"end":{"line":18,"column":70}},"5":{"start":{"line":19,"column":7},"end":{"line":19,"column":66}},"6":{"start":{"line":20,"column":8},"end":{"line":20,"column":69}},"7":{"start":{"line":24,"column":23},"end":{"line":24,"column":66}},"8":{"start":{"line":25,"column":8},"end":{"line":25,"column":67}},"9":{"start":{"line":25,"column":23},"end":{"line":25,"column":67}},"10":{"start":{"line":26,"column":8},"end":{"line":26,"column":24}},"11":{"start":{"line":29,"column":8},"end":{"line":29,"column":54}},"12":{"start":{"line":32,"column":23},"end":{"line":32,"column":54}},"13":{"start":{"line":33,"column":8},"end":{"line":33,"column":63}}},"fnMap":{"0":{"name":"(anonymous_0)","decl":{"start":{"line":9,"column":4},"end":{"line":9,"column":5}},"loc":{"start":{"line":9,"column":25},"end":{"line":11,"column":5}},"line":9},"1":{"name":"(anonymous_1)","decl":{"start":{"line":12,"column":4},"end":{"line":12,"column":5}},"loc":{"start":{"line":12,"column":34},"end":{"line":14,"column":5}},"line":12},"2":{"name":"(anonymous_2)","decl":{"start":{"line":16,"column":4},"end":{"line":16,"column":5}},"loc":{"start":{"line":16,"column":34},"end":{"line":21,"column":5}},"line":16},"3":{"name":"(anonymous_3)","decl":{"start":{"line":23,"column":4},"end":{"line":23,"column":5}},"loc":{"start":{"line":23,"column":30},"end":{"line":27,"column":5}},"line":23},"4":{"name":"(anonymous_4)","decl":{"start":{"line":28,"column":4},"end":{"line":28,"column":5}},"loc":{"start":{"line":28,"column":27},"end":{"line":30,"column":5}},"line":28},"5":{"name":"(anonymous_5)","decl":{"start":{"line":31,"column":4},"end":{"line":31,"column":5}},"loc":{"start":{"line":31,"column":28},"end":{"line":34,"column":5}},"line":31}},"branchMap":{"0":{"loc":{"start":{"line":25,"column":8},"end":{"line":25,"column":67}},"type":"if","locations":[{"start":{"line":25,"column":8},"end":{"line":25,"column":67}},{"start":{"line":25,"column":8},"end":{"line":25,"column":67}}],"line":25}},"s":{"0":2,"1":6,"2":0,"3":0,"4":0,"5":0,"6":0,"7":1,"8":1,"9":0,"10":1,"11":1,"12":0,"13":0},"f":{"0":6,"1":0,"2":0,"3":1,"4":1,"5":0},"b":{"0":[0,1]},"_coverageSchema":"43e27e138ebf9cfc5966b082cf9a028302ed4184","hash":"d35ab41c21fe05adc7493d93eade2f1d5209e337"}
,"E:\\Hapi\\src\\services\\login.service.js": {"path":"E:\\Hapi\\src\\services\\login.service.js","statementMap":{"0":{"start":{"line":9,"column":8},"end":{"line":9,"column":36}},"1":{"start":{"line":12,"column":17},"end":{"line":12,"column":37}},"2":{"start":{"line":13,"column":4},"end":{"line":13,"column":42}},"3":{"start":{"line":17,"column":8},"end":{"line":17,"column":58}},"4":{"start":{"line":28,"column":18},"end":{"line":28,"column":30}},"5":{"start":{"line":29,"column":22},"end":{"line":29,"column":56}},"6":{"start":{"line":30,"column":8},"end":{"line":34,"column":9}},"7":{"start":{"line":31,"column":31},"end":{"line":31,"column":35}},"8":{"start":{"line":32,"column":12},"end":{"line":32,"column":62}},"9":{"start":{"line":33,"column":12},"end":{"line":33,"column":53}},"10":{"start":{"line":37,"column":27},"end":{"line":37,"column":31}},"11":{"start":{"line":38,"column":8},"end":{"line":38,"column":58}},"12":{"start":{"line":39,"column":8},"end":{"line":39,"column":49}},"13":{"start":{"line":43,"column":8},"end":{"line":43,"column":64}},"14":{"start":{"line":47,"column":34},"end":{"line":47,"column":38}},"15":{"start":{"line":48,"column":21},"end":{"line":48,"column":56}},"16":{"start":{"line":49,"column":8},"end":{"line":53,"column":9}},"17":{"start":{"line":50,"column":12},"end":{"line":50,"column":24}},"18":{"start":{"line":52,"column":12},"end":{"line":52,"column":67}}},"fnMap":{"0":{"name":"(anonymous_0)","decl":{"start":{"line":8,"column":4},"end":{"line":8,"column":5}},"loc":{"start":{"line":8,"column":22},"end":{"line":10,"column":5}},"line":8},"1":{"name":"(anonymous_1)","decl":{"start":{"line":11,"column":4},"end":{"line":11,"column":5}},"loc":{"start":{"line":11,"column":32},"end":{"line":14,"column":5}},"line":11},"2":{"name":"(anonymous_2)","decl":{"start":{"line":16,"column":4},"end":{"line":16,"column":5}},"loc":{"start":{"line":16,"column":47},"end":{"line":18,"column":5}},"line":16},"3":{"name":"(anonymous_3)","decl":{"start":{"line":27,"column":4},"end":{"line":27,"column":5}},"loc":{"start":{"line":27,"column":30},"end":{"line":35,"column":5}},"line":27},"4":{"name":"(anonymous_4)","decl":{"start":{"line":36,"column":4},"end":{"line":36,"column":5}},"loc":{"start":{"line":36,"column":30},"end":{"line":40,"column":5}},"line":36},"5":{"name":"(anonymous_5)","decl":{"start":{"line":42,"column":4},"end":{"line":42,"column":5}},"loc":{"start":{"line":42,"column":34},"end":{"line":44,"column":5}},"line":42},"6":{"name":"(anonymous_6)","decl":{"start":{"line":46,"column":4},"end":{"line":46,"column":5}},"loc":{"start":{"line":46,"column":21},"end":{"line":54,"column":5}},"line":46}},"branchMap":{"0":{"loc":{"start":{"line":30,"column":8},"end":{"line":34,"column":9}},"type":"if","locations":[{"start":{"line":30,"column":8},"end":{"line":34,"column":9}},{"start":{"line":30,"column":8},"end":{"line":34,"column":9}}],"line":30},"1":{"loc":{"start":{"line":49,"column":8},"end":{"line":53,"column":9}},"type":"if","locations":[{"start":{"line":49,"column":8},"end":{"line":53,"column":9}},{"start":{"line":49,"column":8},"end":{"line":53,"column":9}}],"line":49},"2":{"loc":{"start":{"line":49,"column":12},"end":{"line":49,"column":68}},"type":"binary-expr","locations":[{"start":{"line":49,"column":12},"end":{"line":49,"column":16}},{"start":{"line":49,"column":20},"end":{"line":49,"column":68}}],"line":49}},"s":{"0":1,"1":1,"2":1,"3":0,"4":0,"5":0,"6":0,"7":0,"8":0,"9":0,"10":1,"11":1,"12":1,"13":0,"14":0,"15":0,"16":0,"17":0,"18":0},"f":{"0":1,"1":1,"2":0,"3":0,"4":1,"5":0,"6":0},"b":{"0":[0,0],"1":[0,0],"2":[0,0]},"_coverageSchema":"43e27e138ebf9cfc5966b082cf9a028302ed4184","hash":"cb472ed7a71da7dd1d55e6663ae155ae9fb7f7ab"}
,"E:\\Hapi\\src\\services\\package.service.js": {"path":"E:\\Hapi\\src\\services\\package.service.js","statementMap":{"0":{"start":{"line":5,"column":8},"end":{"line":5,"column":38}},"1":{"start":{"line":9,"column":8},"end":{"line":9,"column":61}},"2":{"start":{"line":12,"column":30},"end":{"line":12,"column":69}},"3":{"start":{"line":13,"column":8},"end":{"line":13,"column":64}},"4":{"start":{"line":14,"column":8},"end":{"line":14,"column":67}},"5":{"start":{"line":17,"column":8},"end":{"line":17,"column":52}},"6":{"start":{"line":20,"column":23},"end":{"line":20,"column":65}},"7":{"start":{"line":21,"column":8},"end":{"line":21,"column":79}},"8":{"start":{"line":21,"column":23},"end":{"line":21,"column":79}},"9":{"start":{"line":22,"column":8},"end":{"line":22,"column":24}},"10":{"start":{"line":25,"column":23},"end":{"line":25,"column":53}},"11":{"start":{"line":26,"column":8},"end":{"line":26,"column":62}}},"fnMap":{"0":{"name":"(anonymous_0)","decl":{"start":{"line":4,"column":4},"end":{"line":4,"column":5}},"loc":{"start":{"line":4,"column":23},"end":{"line":6,"column":5}},"line":4},"1":{"name":"(anonymous_1)","decl":{"start":{"line":7,"column":4},"end":{"line":7,"column":5}},"loc":{"start":{"line":7,"column":33},"end":{"line":10,"column":5}},"line":7},"2":{"name":"(anonymous_2)","decl":{"start":{"line":11,"column":4},"end":{"line":11,"column":5}},"loc":{"start":{"line":11,"column":33},"end":{"line":15,"column":5}},"line":11},"3":{"name":"(anonymous_3)","decl":{"start":{"line":16,"column":4},"end":{"line":16,"column":5}},"loc":{"start":{"line":16,"column":26},"end":{"line":18,"column":5}},"line":16},"4":{"name":"(anonymous_4)","decl":{"start":{"line":19,"column":4},"end":{"line":19,"column":5}},"loc":{"start":{"line":19,"column":29},"end":{"line":23,"column":5}},"line":19},"5":{"name":"(anonymous_5)","decl":{"start":{"line":24,"column":4},"end":{"line":24,"column":5}},"loc":{"start":{"line":24,"column":27},"end":{"line":27,"column":5}},"line":24}},"branchMap":{"0":{"loc":{"start":{"line":21,"column":8},"end":{"line":21,"column":79}},"type":"if","locations":[{"start":{"line":21,"column":8},"end":{"line":21,"column":79}},{"start":{"line":21,"column":8},"end":{"line":21,"column":79}}],"line":21}},"s":{"0":0,"1":0,"2":0,"3":0,"4":0,"5":0,"6":0,"7":0,"8":0,"9":0,"10":0,"11":0},"f":{"0":0,"1":0,"2":0,"3":0,"4":0,"5":0},"b":{"0":[0,0]},"_coverageSchema":"43e27e138ebf9cfc5966b082cf9a028302ed4184","hash":"14f2439ad4f5b034bccf8e4cb508e74b1e801aa9"}
,"E:\\Hapi\\src\\services\\transition.service.js": {"path":"E:\\Hapi\\src\\services\\transition.service.js","statementMap":{"0":{"start":{"line":5,"column":24},"end":{"line":5,"column":45}},"1":{"start":{"line":6,"column":23},"end":{"line":6,"column":43}},"2":{"start":{"line":9,"column":8},"end":{"line":9,"column":41}},"3":{"start":{"line":12,"column":8},"end":{"line":12,"column":94}},"4":{"start":{"line":13,"column":8},"end":{"line":13,"column":90}},"5":{"start":{"line":14,"column":8},"end":{"line":14,"column":65}},"6":{"start":{"line":18,"column":25},"end":{"line":18,"column":70}},"7":{"start":{"line":19,"column":8},"end":{"line":19,"column":83}},"8":{"start":{"line":19,"column":25},"end":{"line":19,"column":83}},"9":{"start":{"line":20,"column":8},"end":{"line":20,"column":26}},"10":{"start":{"line":23,"column":33},"end":{"line":23,"column":77}},"11":{"start":{"line":24,"column":8},"end":{"line":24,"column":72}},"12":{"start":{"line":25,"column":8},"end":{"line":25,"column":73}},"13":{"start":{"line":28,"column":8},"end":{"line":28,"column":55}},"14":{"start":{"line":31,"column":25},"end":{"line":31,"column":58}},"15":{"start":{"line":32,"column":8},"end":{"line":32,"column":67}}},"fnMap":{"0":{"name":"(anonymous_0)","decl":{"start":{"line":8,"column":4},"end":{"line":8,"column":5}},"loc":{"start":{"line":8,"column":27},"end":{"line":10,"column":5}},"line":8},"1":{"name":"(anonymous_1)","decl":{"start":{"line":11,"column":7},"end":{"line":11,"column":8}},"loc":{"start":{"line":11,"column":42},"end":{"line":15,"column":5}},"line":11},"2":{"name":"(anonymous_2)","decl":{"start":{"line":17,"column":4},"end":{"line":17,"column":5}},"loc":{"start":{"line":17,"column":32},"end":{"line":21,"column":5}},"line":17},"3":{"name":"(anonymous_3)","decl":{"start":{"line":22,"column":4},"end":{"line":22,"column":5}},"loc":{"start":{"line":22,"column":38},"end":{"line":26,"column":5}},"line":22},"4":{"name":"(anonymous_4)","decl":{"start":{"line":27,"column":4},"end":{"line":27,"column":5}},"loc":{"start":{"line":27,"column":29},"end":{"line":29,"column":5}},"line":27},"5":{"name":"(anonymous_5)","decl":{"start":{"line":30,"column":4},"end":{"line":30,"column":5}},"loc":{"start":{"line":30,"column":30},"end":{"line":33,"column":5}},"line":30}},"branchMap":{"0":{"loc":{"start":{"line":19,"column":8},"end":{"line":19,"column":83}},"type":"if","locations":[{"start":{"line":19,"column":8},"end":{"line":19,"column":83}},{"start":{"line":19,"column":8},"end":{"line":19,"column":83}}],"line":19}},"s":{"0":2,"1":2,"2":0,"3":0,"4":0,"5":0,"6":0,"7":0,"8":0,"9":0,"10":0,"11":0,"12":0,"13":0,"14":0,"15":0},"f":{"0":0,"1":0,"2":0,"3":0,"4":0,"5":0},"b":{"0":[0,0]},"_coverageSchema":"43e27e138ebf9cfc5966b082cf9a028302ed4184","hash":"33dc9d85448c061750fe2113ae205862cece8df3"}
}
